# JRE version: Java(TM) SE Runtime Environment (7.0_76-b13) (build 1.7.0_76-b13)
# Java VM: Java HotSpot(TM) 64-Bit Server VM (24.76-b04 mixed mode linux-amd64 compressed oops)
Heap
 PSYoungGen      total 37376K, used 29204K [0x00000007d6700000, 0x00000007d9080000, 0x0000000800000000)
  eden space 32256K, 74% used [0x00000007d6700000,0x00000007d7e89170,0x00000007d8680000)
  from space 5120K, 99% used [0x00000007d8b80000,0x00000007d907bf60,0x00000007d9080000)
  to   space 5120K, 0% used [0x00000007d8680000,0x00000007d8680000,0x00000007d8b80000)
 ParOldGen       total 84992K, used 4082K [0x0000000783600000, 0x0000000788900000, 0x00000007d6700000)
  object space 84992K, 4% used [0x0000000783600000,0x00000007839fcbf0,0x0000000788900000)
 PSPermGen       total 23552K, used 23388K [0x000000077e400000, 0x000000077fb00000, 0x0000000783600000)
  object space 23552K, 99% used [0x000000077e400000,0x000000077fad7070,0x000000077fb00000)
GC Heap History (4 events):
Event: 0.571 GC heap before
{Heap before GC invocations=1 (full 0):
 PSYoungGen      total 37376K, used 32256K [0x00000007d6700000, 0x00000007d9080000, 0x0000000800000000)
  eden space 32256K, 100% used [0x00000007d6700000,0x00000007d8680000,0x00000007d8680000)
  from space 5120K, 0% used [0x00000007d8b80000,0x00000007d8b80000,0x00000007d9080000)
  to   space 5120K, 0% used [0x00000007d8680000,0x00000007d8680000,0x00000007d8b80000)
 ParOldGen       total 84992K, used 0K [0x0000000783600000, 0x0000000788900000, 0x00000007d6700000)
  object space 84992K, 0% used [0x0000000783600000,0x0000000783600000,0x0000000788900000)
 PSPermGen       total 21504K, used 9040K [0x000000077e400000, 0x000000077f900000, 0x0000000783600000)
  object space 21504K, 42% used [0x000000077e400000,0x000000077ecd4100,0x000000077f900000)
Event: 0.576 GC heap after
Heap after GC invocations=1 (full 0):
 PSYoungGen      total 37376K, used 5119K [0x00000007d6700000, 0x00000007d9080000, 0x0000000800000000)
  eden space 32256K, 0% used [0x00000007d6700000,0x00000007d6700000,0x00000007d8680000)
  from space 5120K, 99% used [0x00000007d8680000,0x00000007d8b7fd68,0x00000007d8b80000)
  to   space 5120K, 0% used [0x00000007d8b80000,0x00000007d8b80000,0x00000007d9080000)
 ParOldGen       total 84992K, used 1212K [0x0000000783600000, 0x0000000788900000, 0x00000007d6700000)
  object space 84992K, 1% used [0x0000000783600000,0x000000078372f2f8,0x0000000788900000)
 PSPermGen       total 21504K, used 9040K [0x000000077e400000, 0x000000077f900000, 0x0000000783600000)
  object space 21504K, 42% used [0x000000077e400000,0x000000077ecd4100,0x000000077f900000)
}
Event: 1.361 GC heap before
{Heap before GC invocations=2 (full 0):
 PSYoungGen      total 37376K, used 37375K [0x00000007d6700000, 0x00000007d9080000, 0x0000000800000000)
  eden space 32256K, 100% used [0x00000007d6700000,0x00000007d8680000,0x00000007d8680000)
  from space 5120K, 99% used [0x00000007d8680000,0x00000007d8b7fd68,0x00000007d8b80000)
  to   space 5120K, 0% used [0x00000007d8b80000,0x00000007d8b80000,0x00000007d9080000)
 ParOldGen       total 84992K, used 1212K [0x0000000783600000, 0x0000000788900000, 0x00000007d6700000)
  object space 84992K, 1% used [0x0000000783600000,0x000000078372f2f8,0x0000000788900000)
 PSPermGen       total 21504K, used 18333K [0x000000077e400000, 0x000000077f900000, 0x0000000783600000)
  object space 21504K, 85% used [0x000000077e400000,0x000000077f5e7478,0x000000077f900000)
Event: 1.370 GC heap after
Heap after GC invocations=2 (full 0):
 PSYoungGen      total 37376K, used 5103K [0x00000007d6700000, 0x00000007d9080000, 0x0000000800000000)
  eden space 32256K, 0% used [0x00000007d6700000,0x00000007d6700000,0x00000007d8680000)
  from space 5120K, 99% used [0x00000007d8b80000,0x00000007d907bf60,0x00000007d9080000)
  to   space 5120K, 0% used [0x00000007d8680000,0x00000007d8680000,0x00000007d8b80000)
 ParOldGen       total 84992K, used 4082K [0x0000000783600000, 0x0000000788900000, 0x00000007d6700000)
  object space 84992K, 4% used [0x0000000783600000,0x00000007839fcbf0,0x0000000788900000)
 PSPermGen       total 21504K, used 18333K [0x000000077e400000, 0x000000077f900000, 0x0000000783600000)
  object space 21504K, 85% used [0x000000077e400000,0x000000077f5e7478,0x000000077f900000)
}

