# JRE version: Java(TM) SE Runtime Environment (7.0_76-b13) (build 1.7.0_76-b13)
# Java VM: Java HotSpot(TM) 64-Bit Server VM (24.76-b04 mixed mode linux-amd64 compressed oops)
Heap
 PSYoungGen      total 37376K, used 28868K [0x00000007d6700000, 0x00000007d9080000, 0x0000000800000000)
  eden space 32256K, 73% used [0x00000007d6700000,0x00000007d7e371d8,0x00000007d8680000)
  from space 5120K, 99% used [0x00000007d8b80000,0x00000007d9079f10,0x00000007d9080000)
  to   space 5120K, 0% used [0x00000007d8680000,0x00000007d8680000,0x00000007d8b80000)
 ParOldGen       total 84992K, used 4183K [0x0000000783600000, 0x0000000788900000, 0x00000007d6700000)
  object space 84992K, 4% used [0x0000000783600000,0x0000000783a15f28,0x0000000788900000)
 PSPermGen       total 23552K, used 23400K [0x000000077e400000, 0x000000077fb00000, 0x0000000783600000)
  object space 23552K, 99% used [0x000000077e400000,0x000000077fada0d0,0x000000077fb00000)
GC Heap History (4 events):
Event: 0.563 GC heap before
{Heap before GC invocations=1 (full 0):
 PSYoungGen      total 37376K, used 32256K [0x00000007d6700000, 0x00000007d9080000, 0x0000000800000000)
  eden space 32256K, 100% used [0x00000007d6700000,0x00000007d8680000,0x00000007d8680000)
  from space 5120K, 0% used [0x00000007d8b80000,0x00000007d8b80000,0x00000007d9080000)
  to   space 5120K, 0% used [0x00000007d8680000,0x00000007d8680000,0x00000007d8b80000)
 ParOldGen       total 84992K, used 0K [0x0000000783600000, 0x0000000788900000, 0x00000007d6700000)
  object space 84992K, 0% used [0x0000000783600000,0x0000000783600000,0x0000000788900000)
 PSPermGen       total 21504K, used 9040K [0x000000077e400000, 0x000000077f900000, 0x0000000783600000)
  object space 21504K, 42% used [0x000000077e400000,0x000000077ecd4100,0x000000077f900000)
Event: 0.568 GC heap after
Heap after GC invocations=1 (full 0):
 PSYoungGen      total 37376K, used 5098K [0x00000007d6700000, 0x00000007d9080000, 0x0000000800000000)
  eden space 32256K, 0% used [0x00000007d6700000,0x00000007d6700000,0x00000007d8680000)
  from space 5120K, 99% used [0x00000007d8680000,0x00000007d8b7a928,0x00000007d8b80000)
  to   space 5120K, 0% used [0x00000007d8b80000,0x00000007d8b80000,0x00000007d9080000)
 ParOldGen       total 84992K, used 1263K [0x0000000783600000, 0x0000000788900000, 0x00000007d6700000)
  object space 84992K, 1% used [0x0000000783600000,0x000000078373bf38,0x0000000788900000)
 PSPermGen       total 21504K, used 9040K [0x000000077e400000, 0x000000077f900000, 0x0000000783600000)
  object space 21504K, 42% used [0x000000077e400000,0x000000077ecd4100,0x000000077f900000)
}
Event: 1.432 GC heap before
{Heap before GC invocations=2 (full 0):
 PSYoungGen      total 37376K, used 37354K [0x00000007d6700000, 0x00000007d9080000, 0x0000000800000000)
  eden space 32256K, 100% used [0x00000007d6700000,0x00000007d8680000,0x00000007d8680000)
  from space 5120K, 99% used [0x00000007d8680000,0x00000007d8b7a928,0x00000007d8b80000)
  to   space 5120K, 0% used [0x00000007d8b80000,0x00000007d8b80000,0x00000007d9080000)
 ParOldGen       total 84992K, used 1263K [0x0000000783600000, 0x0000000788900000, 0x00000007d6700000)
  object space 84992K, 1% used [0x0000000783600000,0x000000078373bf38,0x0000000788900000)
 PSPermGen       total 21504K, used 18784K [0x000000077e400000, 0x000000077f900000, 0x0000000783600000)
  object space 21504K, 87% used [0x000000077e400000,0x000000077f658188,0x000000077f900000)
Event: 1.439 GC heap after
Heap after GC invocations=2 (full 0):
 PSYoungGen      total 37376K, used 5095K [0x00000007d6700000, 0x00000007d9080000, 0x0000000800000000)
  eden space 32256K, 0% used [0x00000007d6700000,0x00000007d6700000,0x00000007d8680000)
  from space 5120K, 99% used [0x00000007d8b80000,0x00000007d9079f10,0x00000007d9080000)
  to   space 5120K, 0% used [0x00000007d8680000,0x00000007d8680000,0x00000007d8b80000)
 ParOldGen       total 84992K, used 4183K [0x0000000783600000, 0x0000000788900000, 0x00000007d6700000)
  object space 84992K, 4% used [0x0000000783600000,0x0000000783a15f28,0x0000000788900000)
 PSPermGen       total 21504K, used 18784K [0x000000077e400000, 0x000000077f900000, 0x0000000783600000)
  object space 21504K, 87% used [0x000000077e400000,0x000000077f658188,0x000000077f900000)
}

