# JRE version: Java(TM) SE Runtime Environment (7.0_72-b14) (build 1.7.0_72-b14)
# Java VM: Java HotSpot(TM) 64-Bit Server VM (24.72-b04 mixed mode linux-amd64 compressed oops)
Heap
 PSYoungGen      total 69632K, used 37694K [0x00000007d6700000, 0x00000007db000000, 0x0000000800000000)
  eden space 64512K, 50% used [0x00000007d6700000,0x00000007d86d5ad8,0x00000007da600000)
  from space 5120K, 99% used [0x00000007dab00000,0x00000007daff9e30,0x00000007db000000)
  to   space 5120K, 0% used [0x00000007da600000,0x00000007da600000,0x00000007dab00000)
 ParOldGen       total 84992K, used 41925K [0x0000000783600000, 0x0000000788900000, 0x00000007d6700000)
  object space 84992K, 49% used [0x0000000783600000,0x0000000785ef1588,0x0000000788900000)
 PSPermGen       total 24064K, used 23896K [0x000000077e400000, 0x000000077fb80000, 0x0000000783600000)
  object space 24064K, 99% used [0x000000077e400000,0x000000077fb562c8,0x000000077fb80000)
GC Heap History (4 events):
Event: 0.505 GC heap before
{Heap before GC invocations=1 (full 0):
 PSYoungGen      total 37376K, used 32256K [0x00000007d6700000, 0x00000007d9080000, 0x0000000800000000)
  eden space 32256K, 100% used [0x00000007d6700000,0x00000007d8680000,0x00000007d8680000)
  from space 5120K, 0% used [0x00000007d8b80000,0x00000007d8b80000,0x00000007d9080000)
  to   space 5120K, 0% used [0x00000007d8680000,0x00000007d8680000,0x00000007d8b80000)
 ParOldGen       total 84992K, used 0K [0x0000000783600000, 0x0000000788900000, 0x00000007d6700000)
  object space 84992K, 0% used [0x0000000783600000,0x0000000783600000,0x0000000788900000)
 PSPermGen       total 21504K, used 9044K [0x000000077e400000, 0x000000077f900000, 0x0000000783600000)
  object space 21504K, 42% used [0x000000077e400000,0x000000077ecd53a0,0x000000077f900000)
Event: 0.515 GC heap after
Heap after GC invocations=1 (full 0):
 PSYoungGen      total 37376K, used 5095K [0x00000007d6700000, 0x00000007db000000, 0x0000000800000000)
  eden space 32256K, 0% used [0x00000007d6700000,0x00000007d6700000,0x00000007d8680000)
  from space 5120K, 99% used [0x00000007d8680000,0x00000007d8b79e30,0x00000007d8b80000)
  to   space 5120K, 0% used [0x00000007dab00000,0x00000007dab00000,0x00000007db000000)
 ParOldGen       total 84992K, used 14982K [0x0000000783600000, 0x0000000788900000, 0x00000007d6700000)
  object space 84992K, 17% used [0x0000000783600000,0x00000007844a1a48,0x0000000788900000)
 PSPermGen       total 21504K, used 9044K [0x000000077e400000, 0x000000077f900000, 0x0000000783600000)
  object space 21504K, 42% used [0x000000077e400000,0x000000077ecd53a0,0x000000077f900000)
}
Event: 1.887 GC heap before
{Heap before GC invocations=2 (full 0):
 PSYoungGen      total 37376K, used 37351K [0x00000007d6700000, 0x00000007db000000, 0x0000000800000000)
  eden space 32256K, 100% used [0x00000007d6700000,0x00000007d8680000,0x00000007d8680000)
  from space 5120K, 99% used [0x00000007d8680000,0x00000007d8b79e30,0x00000007d8b80000)
  to   space 5120K, 0% used [0x00000007dab00000,0x00000007dab00000,0x00000007db000000)
 ParOldGen       total 84992K, used 14982K [0x0000000783600000, 0x0000000788900000, 0x00000007d6700000)
  object space 84992K, 17% used [0x0000000783600000,0x00000007844a1a48,0x0000000788900000)
 PSPermGen       total 21504K, used 18071K [0x000000077e400000, 0x000000077f900000, 0x0000000783600000)
  object space 21504K, 84% used [0x000000077e400000,0x000000077f5a5fa0,0x000000077f900000)
Event: 1.902 GC heap after
Heap after GC invocations=2 (full 0):
 PSYoungGen      total 69632K, used 5095K [0x00000007d6700000, 0x00000007db000000, 0x0000000800000000)
  eden space 64512K, 0% used [0x00000007d6700000,0x00000007d6700000,0x00000007da600000)
  from space 5120K, 99% used [0x00000007dab00000,0x00000007daff9e30,0x00000007db000000)
  to   space 5120K, 0% used [0x00000007da600000,0x00000007da600000,0x00000007dab00000)
 ParOldGen       total 84992K, used 41925K [0x0000000783600000, 0x0000000788900000, 0x00000007d6700000)
  object space 84992K, 49% used [0x0000000783600000,0x0000000785ef1588,0x0000000788900000)
 PSPermGen       total 21504K, used 18071K [0x000000077e400000, 0x000000077f900000, 0x0000000783600000)
  object space 21504K, 84% used [0x000000077e400000,0x000000077f5a5fa0,0x000000077f900000)
}

