# JRE version: Java(TM) SE Runtime Environment (7.0_72-b14) (build 1.7.0_72-b14)
# Java VM: Java HotSpot(TM) 64-Bit Server VM (24.72-b04 mixed mode linux-amd64 compressed oops)
Heap
 PSYoungGen      total 69632K, used 30410K [0x00000007d6700000, 0x00000007dff00000, 0x0000000800000000)
  eden space 64512K, 39% used [0x00000007d6700000,0x00000007d7fb2e68,0x00000007da600000)
  from space 5120K, 99% used [0x00000007da600000,0x00000007daaff9c0,0x00000007dab00000)
  to   space 13312K, 0% used [0x00000007df200000,0x00000007df200000,0x00000007dff00000)
 ParOldGen       total 84992K, used 12949K [0x0000000783600000, 0x0000000788900000, 0x00000007d6700000)
  object space 84992K, 15% used [0x0000000783600000,0x00000007842a5670,0x0000000788900000)
 PSPermGen       total 23552K, used 23108K [0x000000077e400000, 0x000000077fb00000, 0x0000000783600000)
  object space 23552K, 98% used [0x000000077e400000,0x000000077fa91118,0x000000077fb00000)
GC Heap History (10 events):
Event: 0.729 GC heap before
{Heap before GC invocations=1 (full 0):
 PSYoungGen      total 37376K, used 32256K [0x00000007d6700000, 0x00000007d9080000, 0x0000000800000000)
  eden space 32256K, 100% used [0x00000007d6700000,0x00000007d8680000,0x00000007d8680000)
  from space 5120K, 0% used [0x00000007d8b80000,0x00000007d8b80000,0x00000007d9080000)
  to   space 5120K, 0% used [0x00000007d8680000,0x00000007d8680000,0x00000007d8b80000)
 ParOldGen       total 84992K, used 0K [0x0000000783600000, 0x0000000788900000, 0x00000007d6700000)
  object space 84992K, 0% used [0x0000000783600000,0x0000000783600000,0x0000000788900000)
 PSPermGen       total 21504K, used 9057K [0x000000077e400000, 0x000000077f900000, 0x0000000783600000)
  object space 21504K, 42% used [0x000000077e400000,0x000000077ecd87b8,0x000000077f900000)
Event: 0.736 GC heap after
Heap after GC invocations=1 (full 0):
 PSYoungGen      total 37376K, used 5089K [0x00000007d6700000, 0x00000007d9080000, 0x0000000800000000)
  eden space 32256K, 0% used [0x00000007d6700000,0x00000007d6700000,0x00000007d8680000)
  from space 5120K, 99% used [0x00000007d8680000,0x00000007d8b78788,0x00000007d8b80000)
  to   space 5120K, 0% used [0x00000007d8b80000,0x00000007d8b80000,0x00000007d9080000)
 ParOldGen       total 84992K, used 1668K [0x0000000783600000, 0x0000000788900000, 0x00000007d6700000)
  object space 84992K, 1% used [0x0000000783600000,0x00000007837a10c8,0x0000000788900000)
 PSPermGen       total 21504K, used 9057K [0x000000077e400000, 0x000000077f900000, 0x0000000783600000)
  object space 21504K, 42% used [0x000000077e400000,0x000000077ecd87b8,0x000000077f900000)
}
Event: 0.859 GC heap before
{Heap before GC invocations=2 (full 0):
 PSYoungGen      total 37376K, used 37345K [0x00000007d6700000, 0x00000007d9080000, 0x0000000800000000)
  eden space 32256K, 100% used [0x00000007d6700000,0x00000007d8680000,0x00000007d8680000)
  from space 5120K, 99% used [0x00000007d8680000,0x00000007d8b78788,0x00000007d8b80000)
  to   space 5120K, 0% used [0x00000007d8b80000,0x00000007d8b80000,0x00000007d9080000)
 ParOldGen       total 84992K, used 1668K [0x0000000783600000, 0x0000000788900000, 0x00000007d6700000)
  object space 84992K, 1% used [0x0000000783600000,0x00000007837a10c8,0x0000000788900000)
 PSPermGen       total 21504K, used 9145K [0x000000077e400000, 0x000000077f900000, 0x0000000783600000)
  object space 21504K, 42% used [0x000000077e400000,0x000000077ecee7a8,0x000000077f900000)
Event: 0.863 GC heap after
Heap after GC invocations=2 (full 0):
 PSYoungGen      total 37376K, used 4837K [0x00000007d6700000, 0x00000007db000000, 0x0000000800000000)
  eden space 32256K, 0% used [0x00000007d6700000,0x00000007d6700000,0x00000007d8680000)
  from space 5120K, 94% used [0x00000007d8b80000,0x00000007d9039440,0x00000007d9080000)
  to   space 5120K, 0% used [0x00000007d8680000,0x00000007d8680000,0x00000007d8b80000)
 ParOldGen       total 84992K, used 1668K [0x0000000783600000, 0x0000000788900000, 0x00000007d6700000)
  object space 84992K, 1% used [0x0000000783600000,0x00000007837a10c8,0x0000000788900000)
 PSPermGen       total 21504K, used 9145K [0x000000077e400000, 0x000000077f900000, 0x0000000783600000)
  object space 21504K, 42% used [0x000000077e400000,0x000000077ecee7a8,0x000000077f900000)
}
Event: 0.896 GC heap before
{Heap before GC invocations=3 (full 0):
 PSYoungGen      total 37376K, used 37093K [0x00000007d6700000, 0x00000007db000000, 0x0000000800000000)
  eden space 32256K, 100% used [0x00000007d6700000,0x00000007d8680000,0x00000007d8680000)
  from space 5120K, 94% used [0x00000007d8b80000,0x00000007d9039440,0x00000007d9080000)
  to   space 5120K, 0% used [0x00000007d8680000,0x00000007d8680000,0x00000007d8b80000)
 ParOldGen       total 84992K, used 1668K [0x0000000783600000, 0x0000000788900000, 0x00000007d6700000)
  object space 84992K, 1% used [0x0000000783600000,0x00000007837a10c8,0x0000000788900000)
 PSPermGen       total 21504K, used 9145K [0x000000077e400000, 0x000000077f900000, 0x0000000783600000)
  object space 21504K, 42% used [0x000000077e400000,0x000000077ecee7a8,0x000000077f900000)
Event: 0.900 GC heap after
Heap after GC invocations=3 (full 0):
 PSYoungGen      total 37376K, used 5090K [0x00000007d6700000, 0x00000007db000000, 0x0000000800000000)
  eden space 32256K, 0% used [0x00000007d6700000,0x00000007d6700000,0x00000007d8680000)
  from space 5120K, 99% used [0x00000007d8680000,0x00000007d8b78a50,0x00000007d8b80000)
  to   space 5120K, 0% used [0x00000007dab00000,0x00000007dab00000,0x00000007db000000)
 ParOldGen       total 84992K, used 3668K [0x0000000783600000, 0x0000000788900000, 0x00000007d6700000)
  object space 84992K, 4% used [0x0000000783600000,0x0000000783995318,0x0000000788900000)
 PSPermGen       total 21504K, used 9145K [0x000000077e400000, 0x000000077f900000, 0x0000000783600000)
  object space 21504K, 42% used [0x000000077e400000,0x000000077ecee7a8,0x000000077f900000)
}
Event: 0.929 GC heap before
{Heap before GC invocations=4 (full 0):
 PSYoungGen      total 37376K, used 37346K [0x00000007d6700000, 0x00000007db000000, 0x0000000800000000)
  eden space 32256K, 100% used [0x00000007d6700000,0x00000007d8680000,0x00000007d8680000)
  from space 5120K, 99% used [0x00000007d8680000,0x00000007d8b78a50,0x00000007d8b80000)
  to   space 5120K, 0% used [0x00000007dab00000,0x00000007dab00000,0x00000007db000000)
 ParOldGen       total 84992K, used 3668K [0x0000000783600000, 0x0000000788900000, 0x00000007d6700000)
  object space 84992K, 4% used [0x0000000783600000,0x0000000783995318,0x0000000788900000)
 PSPermGen       total 21504K, used 9145K [0x000000077e400000, 0x000000077f900000, 0x0000000783600000)
  object space 21504K, 42% used [0x000000077e400000,0x000000077ecee7a8,0x000000077f900000)
Event: 0.933 GC heap after
Heap after GC invocations=4 (full 0):
 PSYoungGen      total 69632K, used 5106K [0x00000007d6700000, 0x00000007db000000, 0x0000000800000000)
  eden space 64512K, 0% used [0x00000007d6700000,0x00000007d6700000,0x00000007da600000)
  from space 5120K, 99% used [0x00000007dab00000,0x00000007daffca40,0x00000007db000000)
  to   space 5120K, 0% used [0x00000007da600000,0x00000007da600000,0x00000007dab00000)
 ParOldGen       total 84992K, used 3732K [0x0000000783600000, 0x0000000788900000, 0x00000007d6700000)
  object space 84992K, 4% used [0x0000000783600000,0x00000007839a5318,0x0000000788900000)
 PSPermGen       total 21504K, used 9145K [0x000000077e400000, 0x000000077f900000, 0x0000000783600000)
  object space 21504K, 42% used [0x000000077e400000,0x000000077ecee7a8,0x000000077f900000)
}
Event: 2.163 GC heap before
{Heap before GC invocations=5 (full 0):
 PSYoungGen      total 69632K, used 69618K [0x00000007d6700000, 0x00000007db000000, 0x0000000800000000)
  eden space 64512K, 100% used [0x00000007d6700000,0x00000007da600000,0x00000007da600000)
  from space 5120K, 99% used [0x00000007dab00000,0x00000007daffca40,0x00000007db000000)
  to   space 5120K, 0% used [0x00000007da600000,0x00000007da600000,0x00000007dab00000)
 ParOldGen       total 84992K, used 3732K [0x0000000783600000, 0x0000000788900000, 0x00000007d6700000)
  object space 84992K, 4% used [0x0000000783600000,0x00000007839a5318,0x0000000788900000)
 PSPermGen       total 21504K, used 18706K [0x000000077e400000, 0x000000077f900000, 0x0000000783600000)
  object space 21504K, 86% used [0x000000077e400000,0x000000077f644958,0x000000077f900000)
Event: 2.174 GC heap after
Heap after GC invocations=5 (full 0):
 PSYoungGen      total 69632K, used 5118K [0x00000007d6700000, 0x00000007dff00000, 0x0000000800000000)
  eden space 64512K, 0% used [0x00000007d6700000,0x00000007d6700000,0x00000007da600000)
  from space 5120K, 99% used [0x00000007da600000,0x00000007daaff9c0,0x00000007dab00000)
  to   space 13312K, 0% used [0x00000007df200000,0x00000007df200000,0x00000007dff00000)
 ParOldGen       total 84992K, used 12949K [0x0000000783600000, 0x0000000788900000, 0x00000007d6700000)
  object space 84992K, 15% used [0x0000000783600000,0x00000007842a5670,0x0000000788900000)
 PSPermGen       total 21504K, used 18706K [0x000000077e400000, 0x000000077f900000, 0x0000000783600000)
  object space 21504K, 86% used [0x000000077e400000,0x000000077f644958,0x000000077f900000)
}

