# JRE version: Java(TM) SE Runtime Environment (7.0_76-b13) (build 1.7.0_76-b13)
# Java VM: Java HotSpot(TM) 64-Bit Server VM (24.76-b04 mixed mode linux-amd64 compressed oops)
Heap
 PSYoungGen      total 37376K, used 34331K [0x00000007d6700000, 0x00000007d9080000, 0x0000000800000000)
  eden space 32256K, 90% used [0x00000007d6700000,0x00000007d8386e78,0x00000007d8680000)
  from space 5120K, 99% used [0x00000007d8b80000,0x00000007d907ff78,0x00000007d9080000)
  to   space 5120K, 0% used [0x00000007d8680000,0x00000007d8680000,0x00000007d8b80000)
 ParOldGen       total 84992K, used 6217K [0x0000000783600000, 0x0000000788900000, 0x00000007d6700000)
  object space 84992K, 7% used [0x0000000783600000,0x0000000783c124c8,0x0000000788900000)
 PSPermGen       total 23552K, used 23254K [0x000000077e400000, 0x000000077fb00000, 0x0000000783600000)
  object space 23552K, 98% used [0x000000077e400000,0x000000077fab5880,0x000000077fb00000)
GC Heap History (4 events):
Event: 1.602 GC heap before
{Heap before GC invocations=1 (full 0):
 PSYoungGen      total 37376K, used 32256K [0x00000007d6700000, 0x00000007d9080000, 0x0000000800000000)
  eden space 32256K, 100% used [0x00000007d6700000,0x00000007d8680000,0x00000007d8680000)
  from space 5120K, 0% used [0x00000007d8b80000,0x00000007d8b80000,0x00000007d9080000)
  to   space 5120K, 0% used [0x00000007d8680000,0x00000007d8680000,0x00000007d8b80000)
 ParOldGen       total 84992K, used 0K [0x0000000783600000, 0x0000000788900000, 0x00000007d6700000)
  object space 84992K, 0% used [0x0000000783600000,0x0000000783600000,0x0000000788900000)
 PSPermGen       total 21504K, used 15079K [0x000000077e400000, 0x000000077f900000, 0x0000000783600000)
  object space 21504K, 70% used [0x000000077e400000,0x000000077f2b9c40,0x000000077f900000)
Event: 1.609 GC heap after
Heap after GC invocations=1 (full 0):
 PSYoungGen      total 37376K, used 5104K [0x00000007d6700000, 0x00000007d9080000, 0x0000000800000000)
  eden space 32256K, 0% used [0x00000007d6700000,0x00000007d6700000,0x00000007d8680000)
  from space 5120K, 99% used [0x00000007d8680000,0x00000007d8b7c0e8,0x00000007d8b80000)
  to   space 5120K, 0% used [0x00000007d8b80000,0x00000007d8b80000,0x00000007d9080000)
 ParOldGen       total 84992K, used 2604K [0x0000000783600000, 0x0000000788900000, 0x00000007d6700000)
  object space 84992K, 3% used [0x0000000783600000,0x000000078388b0e0,0x0000000788900000)
 PSPermGen       total 21504K, used 15079K [0x000000077e400000, 0x000000077f900000, 0x0000000783600000)
  object space 21504K, 70% used [0x000000077e400000,0x000000077f2b9c40,0x000000077f900000)
}
Event: 4.614 GC heap before
{Heap before GC invocations=2 (full 0):
 PSYoungGen      total 37376K, used 37360K [0x00000007d6700000, 0x00000007d9080000, 0x0000000800000000)
  eden space 32256K, 100% used [0x00000007d6700000,0x00000007d8680000,0x00000007d8680000)
  from space 5120K, 99% used [0x00000007d8680000,0x00000007d8b7c0e8,0x00000007d8b80000)
  to   space 5120K, 0% used [0x00000007d8b80000,0x00000007d8b80000,0x00000007d9080000)
 ParOldGen       total 84992K, used 2604K [0x0000000783600000, 0x0000000788900000, 0x00000007d6700000)
  object space 84992K, 3% used [0x0000000783600000,0x000000078388b0e0,0x0000000788900000)
 PSPermGen       total 21504K, used 18732K [0x000000077e400000, 0x000000077f900000, 0x0000000783600000)
  object space 21504K, 87% used [0x000000077e400000,0x000000077f64b250,0x000000077f900000)
Event: 4.622 GC heap after
Heap after GC invocations=2 (full 0):
 PSYoungGen      total 37376K, used 5119K [0x00000007d6700000, 0x00000007d9080000, 0x0000000800000000)
  eden space 32256K, 0% used [0x00000007d6700000,0x00000007d6700000,0x00000007d8680000)
  from space 5120K, 99% used [0x00000007d8b80000,0x00000007d907ff78,0x00000007d9080000)
  to   space 5120K, 0% used [0x00000007d8680000,0x00000007d8680000,0x00000007d8b80000)
 ParOldGen       total 84992K, used 6217K [0x0000000783600000, 0x0000000788900000, 0x00000007d6700000)
  object space 84992K, 7% used [0x0000000783600000,0x0000000783c124c8,0x0000000788900000)
 PSPermGen       total 21504K, used 18732K [0x000000077e400000, 0x000000077f900000, 0x0000000783600000)
  object space 21504K, 87% used [0x000000077e400000,0x000000077f64b250,0x000000077f900000)
}

